<?xml version="1.0" encoding="utf-8"?><testsuites name="pytest tests"><testsuite name="pytest" errors="0" failures="0" skipped="0" tests="32" time="0.595" timestamp="2026-04-17T15:03:57.655744+08:00" hostname="yaolisideMacBook-Pro.local"><testcase classname="tests.test_workflow_tenant_api_isolation" name="test_get_workflow_cross_tenant_returns_404" time="0.006" /><testcase classname="tests.test_workflow_tenant_api_isolation" name="test_publish_workflow_uses_tenant_scoped_query" time="0.003" /><testcase classname="tests.test_workflow_tenant_guard" name="test_resolve_tenant_id_from_request_state" time="0.000" /><testcase classname="tests.test_workflow_tenant_guard" name="test_resolve_tenant_id_falls_back_to_default" time="0.000" /><testcase classname="tests.test_workflow_tenant_guard" name="test_namespace_matches_tenant_exact_only" time="0.000" /><testcase classname="tests.test_production_readiness_baseline" name="test_parse_scopes_json" time="0.000" /><testcase classname="tests.test_production_readiness_baseline" name="test_api_key_scope_enforcement_blocks_missing_scope" time="0.001" /><testcase classname="tests.test_production_readiness_baseline" name="test_api_key_scope_enforcement_allows_admin" time="0.002" /><testcase classname="tests.test_production_readiness_baseline" name="test_tenant_enforcement_protected_path" time="0.001" /><testcase classname="tests.test_production_readiness_baseline" name="test_storage_strategy_detection" time="0.000" /><testcase classname="tests.test_production_readiness_baseline" name="test_unified_queue_summary_shape" time="0.000" /><testcase classname="tests.test_production_readiness_baseline" name="test_feature_flags_store_roundtrip" time="0.152" /><testcase classname="tests.test_production_readiness_baseline" name="test_slo_evaluate" time="0.000" /><testcase classname="tests.test_production_readiness_baseline" name="test_audit_query_tenant_filter" time="0.001" /><testcase classname="tests.test_production_readiness_baseline" name="test_workflow_service_forwards_tenant_for_get" time="0.019" /><testcase classname="tests.test_production_readiness_baseline" name="test_workflow_service_forwards_tenant_for_list_and_count" time="0.000" /><testcase classname="tests.test_runtime_fault_injection" name="test_audit_middleware_degrades_when_db_session_broken" time="0.003" /><testcase classname="tests.test_runtime_fault_injection" name="test_audit_middleware_degrades_when_append_fails" time="0.002" /><testcase classname="tests.test_runtime_fault_injection" name="test_rbac_enforcement_fallback_blocks_viewer_without_context_middleware" time="0.001" /><testcase classname="tests.test_enhanced_error_paths" name="test_viewer_write_blocked_when_enforced" time="0.001" /><testcase classname="tests.test_enhanced_error_paths" name="test_operator_write_allowed_when_enforced" time="0.002" /><testcase classname="tests.test_enhanced_error_paths" name="test_traceparent_invalid_fallback_to_request_id" time="0.002" /><testcase classname="tests.test_enhanced_error_paths" name="test_trace_header_pollution_is_rejected_and_fallback" time="0.002" /><testcase classname="tests.test_enhanced_error_paths" name="test_audit_access_denied_for_non_admin" time="0.000" /><testcase classname="tests.test_chaos_report_summary" name="test_load_and_build_summary" time="0.002" /><testcase classname="tests.test_chaos_report_summary" name="test_build_summary_empty" time="0.000" /><testcase classname="tests.test_chaos_report_summary" name="test_to_markdown_contains_key_metrics" time="0.001" /><testcase classname="tests.test_chaos_report_summary" name="test_to_markdown_top_failures_section" time="0.000" /><testcase classname="tests.test_chaos_report_summary" name="test_build_recommendations_warns_on_high_failure" time="0.000" /><testcase classname="tests.test_chaos_report_summary" name="test_to_markdown_includes_suggested_actions" time="0.000" /><testcase classname="tests.test_chaos_report_summary" name="test_parser_defaults_from_env" time="0.010" /><testcase classname="tests.test_chaos_report_summary" name="test_parser_defaults_from_system_settings" time="0.000" /></testsuite></testsuites>